{"message":"bookmark was not found","level":"error"}
{"message":"bookmark was not found","level":"error"}
{"message":"bookmark was not found","level":"error"}
{"message":"Bookmark not found","level":"info"}
{"message":"Bookmark was deleted.","level":"info"}
{"message":"title is required","level":"error"}
{"message":"title is required","level":"error"}
{"message":"title is required","level":"error"}
{"message":"url is required","level":"error"}
{"message":"description is required","level":"error"}
{"message":"rating needs to be a number","level":"error"}
{"message":"title is required","level":"error"}
{"message":"url is required","level":"error"}
{"message":"description is required","level":"error"}
{"message":"rating needs to be a number","level":"error"}
{"message":"bookmark was not found","level":"error"}
{"message":"title is required","level":"error"}
{"message":"url is required","level":"error"}
{"message":"description is required","level":"error"}
{"message":"rating needs to be a number","level":"error"}
{"message":"bookmark was not found","level":"error"}
{"message":"title is required","level":"error"}
{"message":"url is required","level":"error"}
{"message":"description is required","level":"error"}
{"message":"rating needs to be a number","level":"error"}
{"message":"bookmark was not found","level":"error"}
{"message":"title is required","level":"error"}
{"message":"url is required","level":"error"}
{"message":"description is required","level":"error"}
{"message":"rating needs to be a number","level":"error"}
{"message":"bookmark was not found","level":"error"}
{"message":"Bookmark not found","level":"info"}
{"message":"title is required","level":"error"}
{"message":"url is required","level":"error"}
{"message":"description is required","level":"error"}
{"message":"rating needs to be a number","level":"error"}
{"message":"bookmark was not found","level":"error"}
{"message":"Bookmark not found","level":"info"}
{"message":"title is required","level":"error"}
{"message":"url is required","level":"error"}
{"message":"description is required","level":"error"}
{"message":"rating needs to be a number","level":"error"}
{"message":"bookmark was not found","level":"error"}
{"message":"Bookmark not found","level":"info"}
{"message":"Bookmark was deleted.","level":"info"}
{"message":"title is required","level":"error"}
{"message":"url is required","level":"error"}
{"message":"description is required","level":"error"}
{"message":"rating needs to be a number","level":"error"}
{"message":"bookmark was not found","level":"error"}
{"message":"Bookmark not found","level":"info"}
{"message":"Bookmark was deleted.","level":"info"}
